<?xml version="1.0" encoding="UTF-8"?>
<!-- Generated by org.testng.reporters.JUnitReportReporter -->
<testsuite hostname="DESKTOP-66CRK13" failures="0" tests="1" name="banking.Tests.Day2_Login_Assert" time="11.533" errors="0" timestamp="2023-05-28T02:43:41 ART" skipped="0">
  <testcase classname="banking.Tests.Day2_Login_Assert" name="loginAttempt" time="11.533"/>
  <system-out/>
</testsuite> <!-- banking.Tests.Day2_Login_Assert -->
